Starting Nmap 7.80 ( https://nmap.org ) at 2021-07-19 10:05 EDT
Nmap scan report for Kali (192.168.0.1)
Host is up (0.00030s latency).
All 1000 scanned ports on Kali (192.168.0.1) are closed

Nmap scan report for 192.168.0.2
Host is up (0.00054s latency).
All 1000 scanned ports on 192.168.0.2 are closed

Nmap scan report for 192.168.0.12
Host is up (0.00055s latency).
Not shown: 997 closed ports
PORT    STATE SERVICE
135/tcp open  msrpc
389/tcp open  ldap
445/tcp open  microsoft-ds

Nmap scan report for 192.168.0.13
Host is up (0.00059s latency).
Not shown: 998 closed ports
PORT     STATE SERVICE
22/tcp   open  ssh
3306/tcp open  mysql

Nmap scan report for 192.168.0.14
Host is up (0.00075s latency).
Not shown: 995 closed ports
PORT     STATE SERVICE
135/tcp  open  msrpc
389/tcp  open  ldap
445/tcp  open  microsoft-ds
1433/tcp open  ms-sql-s
1434/tcp open  ms-sql-m

Nmap scan report for 192.168.0.16
Host is up (0.00071s latency).
Not shown: 998 closed ports
PORT    STATE SERVICE
25/tcp  open  smtp
110/tcp open  pop3

Nmap scan report for 192.168.0.17
Host is up (0.00080s latency).
Not shown: 997 closed ports
PORT   STATE SERVICE
20/tcp open  ftp-data
21/tcp open  ftp
23/tcp open  telnet

Nmap scan report for 192.168.0.100
Host is up (0.00086s latency).
Not shown: 999 closed ports
PORT     STATE SERVICE
3389/tcp open  ms-wbt-server

Nmap scan report for 192.168.0.102
Host is up (0.00084s latency).
Not shown: 999 closed ports
PORT    STATE SERVICE
135/tcp open  msrpc

Nmap scan report for 192.168.0.103
Host is up (0.00078s latency).
Not shown: 999 closed ports
PORT    STATE SERVICE
135/tcp open  msrpc

Nmap scan report for 192.168.0.104
Host is up (0.00079s latency).
Not shown: 997 closed ports
PORT     STATE SERVICE
135/tcp  open  msrpc
445/tcp  open  microsoft-ds
3389/tcp open  ms-wbt-server

Nmap scan report for 192.168.0.113
Host is up (0.00079s latency).
Not shown: 997 closed ports
PORT     STATE SERVICE
22/tcp   open  ssh
443/tcp  open  https
9001/tcp open  tor-orport

Nmap scan report for 192.168.0.114
Host is up (0.00076s latency).
Not shown: 997 closed ports
PORT     STATE SERVICE
22/tcp   open  ssh
5900/tcp open  vnc
5901/tcp open  vnc-1

Nmap scan report for 192.168.0.116
Host is up (0.00080s latency).
Not shown: 997 closed ports
PORT     STATE SERVICE
631/tcp  open  ipp
5001/tcp open  commplex-link
9100/tcp open  jetdirect

Nmap scan report for 192.168.0.117
Host is up (0.00072s latency).
Not shown: 998 closed ports
PORT     STATE SERVICE
135/tcp  open  msrpc
4000/tcp open  remoteanything

Nmap scan report for 192.168.0.125
Host is up (0.00083s latency).
Not shown: 994 closed ports
PORT     STATE SERVICE
80/tcp   open  http
443/tcp  open  https
631/tcp  open  ipp
8080/tcp open  http-proxy
9100/tcp open  jetdirect
9220/tcp open  unknown

Nmap scan report for 192.168.0.126
Host is up (0.00081s latency).
Not shown: 998 closed ports
PORT    STATE SERVICE
135/tcp open  msrpc
445/tcp open  microsoft-ds

Nmap scan report for 192.168.0.129
Host is up (0.00086s latency).
Not shown: 998 closed ports
PORT     STATE SERVICE
135/tcp  open  msrpc
3389/tcp open  ms-wbt-server

Nmap scan report for 192.168.0.132
Host is up (0.00063s latency).
Not shown: 998 closed ports
PORT     STATE SERVICE
135/tcp  open  msrpc
3389/tcp open  ms-wbt-server

Nmap scan report for 192.168.0.133
Host is up (0.00048s latency).
Not shown: 999 closed ports
PORT   STATE SERVICE
22/tcp open  ssh

Nmap scan report for 192.168.0.134
Host is up (0.00061s latency).
Not shown: 999 closed ports
PORT    STATE SERVICE
135/tcp open  msrpc

Nmap scan report for 192.168.0.136
Host is up (0.00046s latency).
Not shown: 994 closed ports
PORT     STATE SERVICE
80/tcp   open  http
443/tcp  open  https
631/tcp  open  ipp
8080/tcp open  http-proxy
9100/tcp open  jetdirect
9220/tcp open  unknown

Nmap scan report for 192.168.0.138
Host is up (0.00041s latency).
Not shown: 998 closed ports
PORT     STATE SERVICE
445/tcp  open  microsoft-ds
3389/tcp open  ms-wbt-server

Nmap scan report for 192.168.0.145
Host is up (0.00056s latency).
Not shown: 998 closed ports
PORT     STATE SERVICE
135/tcp  open  msrpc
3389/tcp open  ms-wbt-server

Nmap scan report for 192.168.0.149
Host is up (0.00062s latency).
Not shown: 998 closed ports
PORT     STATE SERVICE
631/tcp  open  ipp
5001/tcp open  commplex-link

Nmap scan report for 192.168.0.150
Host is up (0.00065s latency).
Not shown: 997 closed ports
PORT     STATE SERVICE
135/tcp  open  msrpc
8080/tcp open  http-proxy
9091/tcp open  xmltec-xmlmail

Nmap scan report for 192.168.0.250
Host is up (0.0036s latency).
Not shown: 999 closed ports
PORT   STATE SERVICE
22/tcp open  ssh

Nmap done: 256 IP addresses (27 hosts up) scanned in 43.81 seconds
